TN:
SF:utils.ts
FN:1,wait
FN:2,(anonymous_1)
FN:5,messageCallback
FN:24,getTimestamp
FNF:4
FNH:4
FNDA:8,wait
FNDA:8,(anonymous_1)
FNDA:4,messageCallback
FNDA:4,getTimestamp
DA:1,1
DA:2,8
DA:5,1
DA:14,4
DA:15,4
DA:17,2
DA:19,2
DA:21,4
DA:24,1
DA:25,4
DA:26,4
DA:27,4
DA:28,4
DA:29,4
LF:14
LH:14
BRDA:15,0,0,2
BRDA:15,0,1,2
BRDA:29,1,0,0
BRDA:29,1,1,4
BRDA:31,2,0,0
BRDA:31,2,1,4
BRDA:31,3,0,4
BRDA:31,3,1,0
BRDA:32,4,0,0
BRDA:32,4,1,4
BRDA:33,5,0,4
BRDA:33,5,1,0
BRDA:33,6,0,0
BRDA:33,6,1,0
BRF:14
BRH:7
end_of_record
TN:
SF:src\RoomsDataStore.ts
FN:7,(anonymous_1)
FN:11,(anonymous_2)
FN:18,(anonymous_3)
FN:19,(anonymous_4)
FN:22,(anonymous_5)
FN:23,(anonymous_6)
FN:26,(anonymous_7)
FNF:7
FNH:7
FNDA:1,(anonymous_1)
FNDA:2,(anonymous_2)
FNDA:4,(anonymous_3)
FNDA:4,(anonymous_4)
FNDA:6,(anonymous_5)
FNDA:6,(anonymous_6)
FNDA:1,(anonymous_7)
DA:1,1
DA:2,1
DA:5,1
DA:8,1
DA:12,2
DA:13,2
DA:19,4
DA:23,6
DA:27,1
DA:31,1
LF:10
LH:10
BRF:0
BRH:0
end_of_record
TN:
SF:src\SecurityDataStore.ts
FN:9,(anonymous_0)
FN:10,(anonymous_1)
FN:13,(anonymous_2)
FN:17,(anonymous_3)
FNF:4
FNH:2
FNDA:1,(anonymous_0)
FNDA:0,(anonymous_1)
FNDA:0,(anonymous_2)
FNDA:1,(anonymous_3)
DA:7,1
DA:10,1
DA:14,0
DA:18,1
DA:22,1
LF:5
LH:4
BRF:0
BRH:0
end_of_record
TN:
SF:src\Sleek.ts
FN:6,(anonymous_1)
FN:10,(anonymous_2)
FNF:2
FNH:2
FNDA:1,(anonymous_1)
FNDA:1,(anonymous_2)
DA:1,1
DA:2,1
DA:3,1
DA:7,1
DA:11,1
DA:12,1
DA:13,1
DA:17,1
LF:8
LH:8
BRF:0
BRH:0
end_of_record
TN:
SF:src\UsersDataStore.ts
FN:6,(anonymous_0)
FN:10,(anonymous_1)
FN:11,(anonymous_2)
FN:14,(anonymous_3)
FN:15,(anonymous_4)
FN:18,(anonymous_5)
FN:28,(anonymous_6)
FN:32,(anonymous_7)
FNF:8
FNH:8
FNDA:1,(anonymous_0)
FNDA:7,(anonymous_1)
FNDA:13,(anonymous_2)
FNDA:9,(anonymous_3)
FNDA:21,(anonymous_4)
FNDA:1,(anonymous_5)
FNDA:1,(anonymous_6)
FNDA:2,(anonymous_7)
DA:1,1
DA:4,1
DA:7,1
DA:11,13
DA:15,21
DA:19,1
DA:20,0
DA:22,1
DA:23,0
DA:25,1
DA:29,1
DA:33,2
DA:37,1
LF:13
LH:11
BRDA:19,0,0,0
BRDA:22,1,0,0
BRF:2
BRH:0
end_of_record
TN:
SF:src\models\Message.ts
FN:8,(anonymous_0)
FNF:1
FNH:1
FNDA:2,(anonymous_0)
DA:1,1
DA:14,2
DA:15,2
DA:16,2
DA:17,2
DA:18,2
LF:6
LH:6
BRDA:12,0,0,0
BRF:1
BRH:0
end_of_record
TN:
SF:src\models\Room.ts
FN:11,(anonymous_0)
FNF:1
FNH:1
FNDA:2,(anonymous_0)
DA:3,1
DA:4,1
DA:7,2
DA:8,2
DA:9,2
DA:12,2
DA:13,2
DA:14,2
LF:8
LH:8
BRF:0
BRH:0
end_of_record
TN:
SF:src\models\User.ts
FN:7,(anonymous_0)
FNF:1
FNH:1
FNDA:5,(anonymous_0)
DA:1,1
DA:2,1
DA:8,5
DA:9,5
DA:10,5
LF:5
LH:5
BRDA:7,0,0,1
BRF:1
BRH:1
end_of_record
TN:
SF:src\services\CommandExecutionerService.ts
FN:9,(anonymous_1)
FN:175,(anonymous_2)
FN:176,(anonymous_3)
FN:195,(anonymous_4)
FN:199,(anonymous_5)
FN:220,(anonymous_6)
FNF:6
FNH:0
FNDA:0,(anonymous_1)
FNDA:0,(anonymous_2)
FNDA:0,(anonymous_3)
FNDA:0,(anonymous_4)
FNDA:0,(anonymous_5)
FNDA:0,(anonymous_6)
DA:1,1
DA:2,1
DA:3,1
DA:4,1
DA:5,1
DA:10,0
DA:11,0
DA:12,0
DA:13,0
DA:14,0
DA:15,0
DA:20,0
DA:22,0
DA:24,0
DA:25,0
DA:32,0
DA:37,0
DA:39,0
DA:40,0
DA:47,0
DA:52,0
DA:54,0
DA:56,0
DA:64,0
DA:70,0
DA:73,0
DA:74,0
DA:81,0
DA:86,0
DA:87,0
DA:88,0
DA:95,0
DA:100,0
DA:101,0
DA:102,0
DA:109,0
DA:114,0
DA:117,0
DA:118,0
DA:120,0
DA:122,0
DA:123,0
DA:130,0
DA:135,0
DA:137,0
DA:139,0
DA:146,0
DA:152,0
DA:155,0
DA:162,0
DA:167,0
DA:169,0
DA:171,0
DA:173,0
DA:175,0
DA:176,0
DA:183,0
DA:189,0
DA:192,0
DA:196,0
DA:200,0
DA:208,0
DA:214,0
DA:217,0
DA:221,0
DA:231,0
DA:237,0
DA:240,0
DA:247,0
DA:252,0
DA:254,0
DA:257,0
DA:259,0
DA:260,0
DA:267,0
DA:272,0
DA:273,0
DA:274,0
DA:281,0
DA:286,0
DA:288,0
DA:289,0
DA:296,0
DA:302,0
DA:305,0
DA:306,0
DA:313,0
DA:318,0
DA:319,0
DA:320,0
DA:327,0
DA:332,0
DA:334,0
DA:335,0
DA:342,0
DA:348,0
DA:351,0
DA:358,0
DA:363,0
DA:365,0
DA:368,0
DA:375,0
DA:380,0
DA:385,1
LF:104
LH:6
BRDA:20,0,0,0
BRDA:20,0,1,0
BRDA:20,0,2,0
BRDA:20,0,3,0
BRDA:22,1,0,0
BRDA:22,1,1,0
BRDA:22,1,2,0
BRDA:24,2,0,0
BRDA:39,3,0,0
BRDA:39,4,0,0
BRDA:39,4,1,0
BRDA:57,5,0,0
BRDA:57,5,1,0
BRDA:73,6,0,0
BRDA:73,6,1,0
BRDA:87,7,0,0
BRDA:87,7,1,0
BRDA:87,8,0,0
BRDA:87,8,1,0
BRDA:101,9,0,0
BRDA:117,10,0,0
BRDA:122,11,0,0
BRDA:171,12,0,0
BRDA:171,12,1,0
BRDA:171,12,2,0
BRDA:171,12,3,0
BRDA:175,13,0,0
BRDA:175,13,1,0
BRDA:196,14,0,0
BRDA:196,14,1,0
BRDA:257,15,0,0
BRDA:257,15,1,0
BRDA:257,15,2,0
BRDA:259,16,0,0
BRDA:259,16,1,0
BRDA:273,17,0,0
BRDA:305,18,0,0
BRDA:305,18,1,0
BRDA:319,19,0,0
BRF:39
BRH:0
end_of_record
TN:
SF:src\services\CryptographyService.ts
FN:4,(anonymous_0)
FNF:1
FNH:0
FNDA:0,(anonymous_0)
DA:1,1
DA:3,1
DA:5,0
DA:6,0
DA:7,0
DA:8,0
DA:12,1
LF:7
LH:3
BRF:0
BRH:0
end_of_record
TN:
SF:src\services\MessageParserSevice.ts
FN:11,(anonymous_1)
FNF:1
FNH:1
FNDA:1,(anonymous_1)
DA:1,1
DA:2,1
DA:3,1
DA:4,1
DA:5,1
DA:7,1
DA:10,1
DA:14,1
DA:15,1
DA:16,1
DA:17,1
DA:19,1
DA:20,1
DA:21,1
DA:26,1
DA:31,0
DA:40,1
DA:41,0
DA:42,0
DA:44,0
DA:46,1
DA:47,0
DA:49,1
DA:53,1
DA:54,0
DA:55,1
DA:56,0
DA:57,0
DA:59,0
DA:61,1
DA:62,1
DA:64,1
DA:68,1
DA:69,0
DA:73,1
DA:78,0
DA:83,0
DA:86,1
DA:90,1
LF:39
LH:27
BRDA:26,0,0,0
BRDA:27,1,0,1
BRDA:27,1,1,1
BRDA:40,2,0,0
BRDA:40,2,1,1
BRDA:41,3,0,0
BRDA:46,4,0,0
BRDA:53,5,0,0
BRDA:53,5,1,1
BRDA:55,6,0,0
BRDA:55,6,1,1
BRDA:56,7,0,0
BRDA:61,8,0,1
BRDA:68,9,0,0
BRDA:68,10,0,1
BRDA:68,10,1,1
BRDA:73,11,0,0
BRDA:74,12,0,1
BRDA:74,12,1,1
BRDA:74,12,2,0
BRF:20
BRH:10
end_of_record
TN:
SF:src\services\RoomService.ts
FN:8,(anonymous_1)
FN:26,(anonymous_2)
FN:36,(anonymous_3)
FN:42,(anonymous_4)
FNF:4
FNH:3
FNDA:1,(anonymous_1)
FNDA:2,(anonymous_2)
FNDA:0,(anonymous_3)
FNDA:2,(anonymous_4)
DA:1,1
DA:2,1
DA:3,1
DA:4,1
DA:5,1
DA:7,1
DA:9,1
DA:10,1
DA:12,1
DA:13,1
DA:16,1
DA:17,1
DA:19,1
DA:26,1
DA:27,2
DA:29,1
DA:32,1
DA:34,0
DA:35,0
DA:36,0
DA:37,0
DA:39,0
DA:42,1
DA:43,2
DA:46,1
DA:51,1
LF:26
LH:21
BRDA:12,0,0,0
BRDA:13,1,0,0
BRDA:16,2,0,1
BRDA:32,3,0,0
BRDA:32,3,1,1
BRDA:35,4,0,0
BRDA:39,5,0,0
BRF:7
BRH:2
end_of_record
TN:
SF:src\services\SecurityService.ts
FN:5,(anonymous_1)
FN:10,(anonymous_2)
FNF:2
FNH:0
FNDA:0,(anonymous_1)
FNDA:0,(anonymous_2)
DA:1,1
DA:2,1
DA:4,1
DA:6,0
DA:7,0
DA:11,0
DA:12,0
DA:13,0
DA:15,0
DA:16,0
DA:20,1
LF:11
LH:4
BRDA:12,0,0,0
BRF:1
BRH:0
end_of_record
TN:
SF:src\services\UserMessageQueueService.ts
FN:8,(anonymous_1)
FN:16,(anonymous_2)
FN:47,(anonymous_3)
FN:73,(anonymous_4)
FN:91,(anonymous_5)
FN:96,(anonymous_6)
FN:108,(anonymous_7)
FNF:7
FNH:5
FNDA:0,(anonymous_1)
FNDA:0,(anonymous_2)
FNDA:4,(anonymous_3)
FNDA:4,(anonymous_4)
FNDA:6,(anonymous_5)
FNDA:4,(anonymous_6)
FNDA:8,(anonymous_7)
DA:2,1
DA:3,1
DA:4,1
DA:6,1
DA:8,1
DA:16,0
DA:17,0
DA:25,0
DA:43,1
DA:44,1
DA:45,1
DA:48,4
DA:49,4
DA:50,4
DA:52,4
DA:53,0
DA:55,4
DA:56,0
DA:58,4
DA:59,0
DA:62,4
DA:63,1
DA:65,4
DA:66,2
DA:70,4
DA:73,4
DA:74,4
DA:83,4
DA:84,4
DA:85,4
DA:87,4
DA:88,4
DA:92,6
DA:93,2
DA:95,4
DA:96,4
DA:97,4
DA:98,4
DA:99,4
DA:100,4
DA:101,4
DA:102,2
DA:109,8
DA:110,8
DA:114,1
LF:45
LH:39
BRDA:52,0,0,0
BRDA:55,1,0,0
BRDA:58,2,0,0
BRDA:62,3,0,1
BRDA:65,4,0,2
BRDA:92,5,0,2
BRDA:92,5,1,4
BRDA:101,6,0,2
BRF:8
BRH:5
end_of_record
