{"C:\\Users\\Ante\\Documents\\#dev\\IntellegensOnboarding\\utils.ts": {"path":"C:\\Users\\Ante\\Documents\\#dev\\IntellegensOnboarding\\utils.ts","statementMap":{"0":{"start":{"line":2,"column":2},"end":{"line":2,"column":59}},"1":{"start":{"line":2,"column":34},"end":{"line":2,"column":57}},"2":{"start":{"line":1,"column":0},"end":{"line":1,"column":16}},"3":{"start":{"line":14,"column":2},"end":{"line":14,"column":40}},"4":{"start":{"line":15,"column":2},"end":{"line":20,"column":null}},"5":{"start":{"line":17,"column":4},"end":{"line":17,"column":106}},"6":{"start":{"line":19,"column":4},"end":{"line":19,"column":115}},"7":{"start":{"line":21,"column":2},"end":{"line":21,"column":21}},"8":{"start":{"line":5,"column":0},"end":{"line":5,"column":7}},"9":{"start":{"line":25,"column":12},"end":{"line":25,"column":34}},"10":{"start":{"line":26,"column":12},"end":{"line":26,"column":34}},"11":{"start":{"line":27,"column":12},"end":{"line":27,"column":32}},"12":{"start":{"line":28,"column":13},"end":{"line":28,"column":40}},"13":{"start":{"line":29,"column":2},"end":{"line":33,"column":64}},"14":{"start":{"line":24,"column":0},"end":{"line":24,"column":16}}},"fnMap":{"0":{"name":"wait","decl":{"start":{"line":1,"column":16},"end":{"line":1,"column":20}},"loc":{"start":{"line":1,"column":31},"end":{"line":3,"column":1}}},"1":{"name":"(anonymous_1)","decl":{"start":{"line":2,"column":21},"end":{"line":2,"column":22}},"loc":{"start":{"line":2,"column":34},"end":{"line":2,"column":57}}},"2":{"name":"messageCallback","decl":{"start":{"line":5,"column":22},"end":{"line":5,"column":37}},"loc":{"start":{"line":11,"column":22},"end":{"line":22,"column":1}}},"3":{"name":"getTimestamp","decl":{"start":{"line":24,"column":16},"end":{"line":24,"column":28}},"loc":{"start":{"line":24,"column":55},"end":{"line":34,"column":1}}}},"branchMap":{"0":{"loc":{"start":{"line":15,"column":2},"end":{"line":20,"column":null}},"type":"if","locations":[{"start":{"line":15,"column":2},"end":{"line":20,"column":null}},{"start":{"line":18,"column":9},"end":{"line":20,"column":null}}]},"1":{"loc":{"start":{"line":29,"column":9},"end":{"line":33,"column":63}},"type":"cond-expr","locations":[{"start":{"line":30,"column":6},"end":{"line":30,"column":17}},{"start":{"line":31,"column":6},"end":{"line":33,"column":63}}]},"2":{"loc":{"start":{"line":31,"column":9},"end":{"line":31,"column":34}},"type":"cond-expr","locations":[{"start":{"line":31,"column":18},"end":{"line":31,"column":24}},{"start":{"line":31,"column":27},"end":{"line":31,"column":34}}]},"3":{"loc":{"start":{"line":31,"column":38},"end":{"line":31,"column":63}},"type":"cond-expr","locations":[{"start":{"line":31,"column":47},"end":{"line":31,"column":53}},{"start":{"line":31,"column":56},"end":{"line":31,"column":63}}]},"4":{"loc":{"start":{"line":32,"column":8},"end":{"line":32,"column":null}},"type":"cond-expr","locations":[{"start":{"line":32,"column":17},"end":{"line":32,"column":23}},{"start":{"line":32,"column":26},"end":{"line":32,"column":null}}]},"5":{"loc":{"start":{"line":33,"column":10},"end":{"line":33,"column":61}},"type":"cond-expr","locations":[{"start":{"line":33,"column":21},"end":{"line":33,"column":28}},{"start":{"line":33,"column":31},"end":{"line":33,"column":61}}]},"6":{"loc":{"start":{"line":33,"column":31},"end":{"line":33,"column":61}},"type":"cond-expr","locations":[{"start":{"line":33,"column":41},"end":{"line":33,"column":49}},{"start":{"line":33,"column":52},"end":{"line":33,"column":61}}]}},"s":{"0":2,"1":2,"2":1,"3":2,"4":0,"5":0,"6":0,"7":0,"8":1,"9":2,"10":2,"11":2,"12":2,"13":2,"14":1},"f":{"0":2,"1":2,"2":2,"3":2},"b":{"0":[0,0],"1":[0,2],"2":[2,0],"3":[2,0],"4":[2,0],"5":[0,2],"6":[2,0]}}
,"C:\\Users\\Ante\\Documents\\#dev\\IntellegensOnboarding\\src\\RoomsDataStore.ts": {"path":"C:\\Users\\Ante\\Documents\\#dev\\IntellegensOnboarding\\src\\RoomsDataStore.ts","statementMap":{"0":{"start":{"line":1,"column":0},"end":{"line":1,"column":46}},"1":{"start":{"line":2,"column":0},"end":{"line":2,"column":37}},"2":{"start":{"line":5,"column":25},"end":{"line":5,"column":27}},"3":{"start":{"line":8,"column":4},"end":{"line":8,"column":38}},"4":{"start":{"line":12,"column":4},"end":{"line":12,"column":55}},"5":{"start":{"line":13,"column":4},"end":{"line":15,"column":6}},"6":{"start":{"line":19,"column":4},"end":{"line":19,"column":57}},"7":{"start":{"line":19,"column":37},"end":{"line":19,"column":55}},"8":{"start":{"line":23,"column":4},"end":{"line":23,"column":57}},"9":{"start":{"line":23,"column":37},"end":{"line":23,"column":55}},"10":{"start":{"line":27,"column":4},"end":{"line":27,"column":20}},"11":{"start":{"line":31,"column":0},"end":{"line":31,"column":35}}},"fnMap":{"0":{"name":"(anonymous_1)","decl":{"start":{"line":7,"column":2},"end":{"line":7,"column":null}},"loc":{"start":{"line":7,"column":2},"end":{"line":9,"column":3}}},"1":{"name":"(anonymous_2)","decl":{"start":{"line":11,"column":9},"end":{"line":11,"column":16}},"loc":{"start":{"line":11,"column":43},"end":{"line":16,"column":3}}},"2":{"name":"(anonymous_3)","decl":{"start":{"line":18,"column":9},"end":{"line":18,"column":22}},"loc":{"start":{"line":18,"column":35},"end":{"line":20,"column":3}}},"3":{"name":"(anonymous_4)","decl":{"start":{"line":19,"column":27},"end":{"line":19,"column":28}},"loc":{"start":{"line":19,"column":37},"end":{"line":19,"column":55}}},"4":{"name":"(anonymous_5)","decl":{"start":{"line":22,"column":9},"end":{"line":22,"column":20}},"loc":{"start":{"line":22,"column":33},"end":{"line":24,"column":3}}},"5":{"name":"(anonymous_6)","decl":{"start":{"line":23,"column":27},"end":{"line":23,"column":28}},"loc":{"start":{"line":23,"column":37},"end":{"line":23,"column":55}}},"6":{"name":"(anonymous_7)","decl":{"start":{"line":26,"column":9},"end":{"line":26,"column":19}},"loc":{"start":{"line":26,"column":19},"end":{"line":28,"column":3}}}},"branchMap":{},"s":{"0":1,"1":1,"2":1,"3":1,"4":2,"5":2,"6":4,"7":4,"8":6,"9":6,"10":1,"11":1},"f":{"0":1,"1":2,"2":4,"3":4,"4":6,"5":6,"6":1},"b":{}}
,"C:\\Users\\Ante\\Documents\\#dev\\IntellegensOnboarding\\src\\SecurityDataStore.ts": {"path":"C:\\Users\\Ante\\Documents\\#dev\\IntellegensOnboarding\\src\\SecurityDataStore.ts","statementMap":{"0":{"start":{"line":7,"column":45},"end":{"line":7,"column":47}},"1":{"start":{"line":10,"column":4},"end":{"line":10,"column":65}},"2":{"start":{"line":10,"column":45},"end":{"line":10,"column":63}},"3":{"start":{"line":14,"column":4},"end":{"line":14,"column":70}},"4":{"start":{"line":18,"column":4},"end":{"line":18,"column":28}},"5":{"start":{"line":22,"column":0},"end":{"line":22,"column":39}}},"fnMap":{"0":{"name":"(anonymous_0)","decl":{"start":{"line":9,"column":9},"end":{"line":9,"column":20}},"loc":{"start":{"line":9,"column":33},"end":{"line":11,"column":3}}},"1":{"name":"(anonymous_1)","decl":{"start":{"line":10,"column":35},"end":{"line":10,"column":36}},"loc":{"start":{"line":10,"column":45},"end":{"line":10,"column":63}}},"2":{"name":"(anonymous_2)","decl":{"start":{"line":13,"column":9},"end":{"line":13,"column":16}},"loc":{"start":{"line":13,"column":49},"end":{"line":15,"column":3}}},"3":{"name":"(anonymous_3)","decl":{"start":{"line":17,"column":9},"end":{"line":17,"column":19}},"loc":{"start":{"line":17,"column":19},"end":{"line":19,"column":3}}}},"branchMap":{},"s":{"0":1,"1":1,"2":0,"3":0,"4":1,"5":1},"f":{"0":1,"1":0,"2":0,"3":1},"b":{}}
,"C:\\Users\\Ante\\Documents\\#dev\\IntellegensOnboarding\\src\\Sleek.ts": {"path":"C:\\Users\\Ante\\Documents\\#dev\\IntellegensOnboarding\\src\\Sleek.ts","statementMap":{"0":{"start":{"line":1,"column":0},"end":{"line":1,"column":52}},"1":{"start":{"line":2,"column":0},"end":{"line":2,"column":49}},"2":{"start":{"line":3,"column":0},"end":{"line":3,"column":73}},"3":{"start":{"line":7,"column":4},"end":{"line":7,"column":48}},"4":{"start":{"line":11,"column":4},"end":{"line":11,"column":45}},"5":{"start":{"line":12,"column":24},"end":{"line":12,"column":48}},"6":{"start":{"line":13,"column":4},"end":{"line":13,"column":41}},"7":{"start":{"line":17,"column":0},"end":{"line":17,"column":27}}},"fnMap":{"0":{"name":"(anonymous_1)","decl":{"start":{"line":6,"column":9},"end":{"line":6,"column":25}},"loc":{"start":{"line":6,"column":44},"end":{"line":8,"column":3}}},"1":{"name":"(anonymous_2)","decl":{"start":{"line":10,"column":9},"end":{"line":10,"column":14}},"loc":{"start":{"line":10,"column":40},"end":{"line":14,"column":3}}}},"branchMap":{},"s":{"0":1,"1":1,"2":1,"3":1,"4":1,"5":1,"6":1,"7":1},"f":{"0":1,"1":1},"b":{}}
,"C:\\Users\\Ante\\Documents\\#dev\\IntellegensOnboarding\\src\\UsersDataStore.ts": {"path":"C:\\Users\\Ante\\Documents\\#dev\\IntellegensOnboarding\\src\\UsersDataStore.ts","statementMap":{"0":{"start":{"line":1,"column":0},"end":{"line":1,"column":37}},"1":{"start":{"line":4,"column":25},"end":{"line":4,"column":27}},"2":{"start":{"line":7,"column":4},"end":{"line":7,"column":21}},"3":{"start":{"line":11,"column":4},"end":{"line":11,"column":57}},"4":{"start":{"line":11,"column":37},"end":{"line":11,"column":55}},"5":{"start":{"line":15,"column":4},"end":{"line":15,"column":57}},"6":{"start":{"line":15,"column":37},"end":{"line":15,"column":55}},"7":{"start":{"line":19,"column":4},"end":{"line":21,"column":null}},"8":{"start":{"line":20,"column":6},"end":{"line":20,"column":57}},"9":{"start":{"line":22,"column":4},"end":{"line":24,"column":null}},"10":{"start":{"line":23,"column":6},"end":{"line":23,"column":65}},"11":{"start":{"line":25,"column":4},"end":{"line":25,"column":36}},"12":{"start":{"line":29,"column":4},"end":{"line":29,"column":20}},"13":{"start":{"line":33,"column":4},"end":{"line":33,"column":74}},"14":{"start":{"line":37,"column":0},"end":{"line":37,"column":35}}},"fnMap":{"0":{"name":"(anonymous_0)","decl":{"start":{"line":6,"column":2},"end":{"line":6,"column":null}},"loc":{"start":{"line":6,"column":2},"end":{"line":8,"column":3}}},"1":{"name":"(anonymous_1)","decl":{"start":{"line":10,"column":9},"end":{"line":10,"column":22}},"loc":{"start":{"line":10,"column":35},"end":{"line":12,"column":3}}},"2":{"name":"(anonymous_2)","decl":{"start":{"line":11,"column":27},"end":{"line":11,"column":28}},"loc":{"start":{"line":11,"column":37},"end":{"line":11,"column":55}}},"3":{"name":"(anonymous_3)","decl":{"start":{"line":14,"column":9},"end":{"line":14,"column":20}},"loc":{"start":{"line":14,"column":33},"end":{"line":16,"column":3}}},"4":{"name":"(anonymous_4)","decl":{"start":{"line":15,"column":27},"end":{"line":15,"column":28}},"loc":{"start":{"line":15,"column":37},"end":{"line":15,"column":55}}},"5":{"name":"(anonymous_5)","decl":{"start":{"line":18,"column":9},"end":{"line":18,"column":16}},"loc":{"start":{"line":18,"column":29},"end":{"line":26,"column":3}}},"6":{"name":"(anonymous_6)","decl":{"start":{"line":28,"column":9},"end":{"line":28,"column":19}},"loc":{"start":{"line":28,"column":19},"end":{"line":30,"column":3}}},"7":{"name":"(anonymous_7)","decl":{"start":{"line":32,"column":9},"end":{"line":32,"column":18}},"loc":{"start":{"line":32,"column":18},"end":{"line":34,"column":3}}}},"branchMap":{"0":{"loc":{"start":{"line":19,"column":4},"end":{"line":21,"column":null}},"type":"if","locations":[{"start":{"line":19,"column":4},"end":{"line":21,"column":null}}]},"1":{"loc":{"start":{"line":22,"column":4},"end":{"line":24,"column":null}},"type":"if","locations":[{"start":{"line":22,"column":4},"end":{"line":24,"column":null}}]}},"s":{"0":1,"1":1,"2":1,"3":7,"4":13,"5":9,"6":21,"7":1,"8":0,"9":1,"10":0,"11":1,"12":1,"13":2,"14":1},"f":{"0":1,"1":7,"2":13,"3":9,"4":21,"5":1,"6":1,"7":2},"b":{"0":[0],"1":[0]}}
,"C:\\Users\\Ante\\Documents\\#dev\\IntellegensOnboarding\\src\\models\\Message.ts": {"path":"C:\\Users\\Ante\\Documents\\#dev\\IntellegensOnboarding\\src\\models\\Message.ts","statementMap":{"0":{"start":{"line":14,"column":4},"end":{"line":14,"column":27}},"1":{"start":{"line":15,"column":4},"end":{"line":15,"column":29}},"2":{"start":{"line":16,"column":4},"end":{"line":16,"column":25}},"3":{"start":{"line":17,"column":4},"end":{"line":17,"column":29}},"4":{"start":{"line":18,"column":4},"end":{"line":18,"column":45}},"5":{"start":{"line":1,"column":0},"end":{"line":1,"column":13}}},"fnMap":{"0":{"name":"(anonymous_0)","decl":{"start":{"line":8,"column":2},"end":{"line":8,"column":null}},"loc":{"start":{"line":12,"column":42},"end":{"line":19,"column":3}}}},"branchMap":{"0":{"loc":{"start":{"line":12,"column":4},"end":{"line":12,"column":42}},"type":"default-arg","locations":[{"start":{"line":12,"column":33},"end":{"line":12,"column":42}}]}},"s":{"0":2,"1":2,"2":2,"3":2,"4":2,"5":1},"f":{"0":2},"b":{"0":[0]}}
,"C:\\Users\\Ante\\Documents\\#dev\\IntellegensOnboarding\\src\\models\\Room.ts": {"path":"C:\\Users\\Ante\\Documents\\#dev\\IntellegensOnboarding\\src\\models\\Room.ts","statementMap":{"0":{"start":{"line":3,"column":15},"end":{"line":3,"column":32}},"1":{"start":{"line":7,"column":31},"end":{"line":7,"column":33}},"2":{"start":{"line":8,"column":27},"end":{"line":8,"column":29}},"3":{"start":{"line":9,"column":25},"end":{"line":9,"column":29}},"4":{"start":{"line":12,"column":4},"end":{"line":12,"column":21}},"5":{"start":{"line":13,"column":4},"end":{"line":13,"column":21}},"6":{"start":{"line":14,"column":4},"end":{"line":14,"column":36}},"7":{"start":{"line":4,"column":0},"end":{"line":4,"column":13}}},"fnMap":{"0":{"name":"(anonymous_0)","decl":{"start":{"line":11,"column":2},"end":{"line":11,"column":14}},"loc":{"start":{"line":11,"column":41},"end":{"line":15,"column":3}}}},"branchMap":{},"s":{"0":1,"1":2,"2":2,"3":2,"4":2,"5":2,"6":2,"7":1},"f":{"0":2},"b":{}}
,"C:\\Users\\Ante\\Documents\\#dev\\IntellegensOnboarding\\src\\models\\User.ts": {"path":"C:\\Users\\Ante\\Documents\\#dev\\IntellegensOnboarding\\src\\models\\User.ts","statementMap":{"0":{"start":{"line":1,"column":15},"end":{"line":1,"column":32}},"1":{"start":{"line":8,"column":4},"end":{"line":8,"column":36}},"2":{"start":{"line":9,"column":4},"end":{"line":9,"column":21}},"3":{"start":{"line":10,"column":4},"end":{"line":10,"column":23}},"4":{"start":{"line":2,"column":0},"end":{"line":2,"column":13}}},"fnMap":{"0":{"name":"(anonymous_0)","decl":{"start":{"line":7,"column":2},"end":{"line":7,"column":14}},"loc":{"start":{"line":7,"column":50},"end":{"line":11,"column":3}}}},"branchMap":{"0":{"loc":{"start":{"line":7,"column":28},"end":{"line":7,"column":50}},"type":"default-arg","locations":[{"start":{"line":7,"column":45},"end":{"line":7,"column":50}}]}},"s":{"0":1,"1":5,"2":5,"3":5,"4":1},"f":{"0":5},"b":{"0":[1]}}
,"C:\\Users\\Ante\\Documents\\#dev\\IntellegensOnboarding\\src\\services\\CommandExecutionerService.ts": {"path":"C:\\Users\\Ante\\Documents\\#dev\\IntellegensOnboarding\\src\\services\\CommandExecutionerService.ts","statementMap":{"0":{"start":{"line":1,"column":0},"end":{"line":1,"column":44}},"1":{"start":{"line":2,"column":0},"end":{"line":2,"column":47}},"2":{"start":{"line":3,"column":0},"end":{"line":3,"column":47}},"3":{"start":{"line":4,"column":0},"end":{"line":4,"column":53}},"4":{"start":{"line":5,"column":0},"end":{"line":5,"column":48}},"5":{"start":{"line":10,"column":18},"end":{"line":10,"column":43}},"6":{"start":{"line":11,"column":15},"end":{"line":11,"column":46}},"7":{"start":{"line":12,"column":15},"end":{"line":12,"column":54}},"8":{"start":{"line":13,"column":17},"end":{"line":13,"column":58}},"9":{"start":{"line":14,"column":23},"end":{"line":14,"column":65}},"10":{"start":{"line":15,"column":17},"end":{"line":15,"column":56}},"11":{"start":{"line":20,"column":4},"end":{"line":381,"column":null}},"12":{"start":{"line":22,"column":8},"end":{"line":168,"column":null}},"13":{"start":{"line":24,"column":12},"end":{"line":38,"column":null}},"14":{"start":{"line":25,"column":14},"end":{"line":30,"column":16}},"15":{"start":{"line":32,"column":14},"end":{"line":36,"column":16}},"16":{"start":{"line":37,"column":14},"end":{"line":37,"column":31}},"17":{"start":{"line":39,"column":12},"end":{"line":53,"column":null}},"18":{"start":{"line":40,"column":14},"end":{"line":45,"column":16}},"19":{"start":{"line":47,"column":14},"end":{"line":51,"column":16}},"20":{"start":{"line":52,"column":14},"end":{"line":52,"column":31}},"21":{"start":{"line":54,"column":12},"end":{"line":54,"column":53}},"22":{"start":{"line":56,"column":12},"end":{"line":63,"column":14}},"23":{"start":{"line":64,"column":12},"end":{"line":68,"column":14}},"24":{"start":{"line":70,"column":12},"end":{"line":70,"column":29}},"25":{"start":{"line":73,"column":12},"end":{"line":115,"column":null}},"26":{"start":{"line":74,"column":14},"end":{"line":79,"column":16}},"27":{"start":{"line":81,"column":14},"end":{"line":85,"column":16}},"28":{"start":{"line":86,"column":14},"end":{"line":86,"column":31}},"29":{"start":{"line":87,"column":19},"end":{"line":115,"column":null}},"30":{"start":{"line":88,"column":14},"end":{"line":93,"column":16}},"31":{"start":{"line":95,"column":14},"end":{"line":99,"column":16}},"32":{"start":{"line":100,"column":14},"end":{"line":100,"column":31}},"33":{"start":{"line":101,"column":19},"end":{"line":115,"column":null}},"34":{"start":{"line":102,"column":14},"end":{"line":107,"column":16}},"35":{"start":{"line":109,"column":14},"end":{"line":113,"column":16}},"36":{"start":{"line":114,"column":14},"end":{"line":114,"column":31}},"37":{"start":{"line":117,"column":12},"end":{"line":119,"column":null}},"38":{"start":{"line":118,"column":14},"end":{"line":118,"column":46}},"39":{"start":{"line":120,"column":23},"end":{"line":120,"column":61}},"40":{"start":{"line":122,"column":12},"end":{"line":136,"column":null}},"41":{"start":{"line":123,"column":14},"end":{"line":128,"column":16}},"42":{"start":{"line":130,"column":14},"end":{"line":134,"column":16}},"43":{"start":{"line":135,"column":14},"end":{"line":135,"column":31}},"44":{"start":{"line":137,"column":12},"end":{"line":137,"column":61}},"45":{"start":{"line":139,"column":12},"end":{"line":144,"column":14}},"46":{"start":{"line":146,"column":12},"end":{"line":150,"column":14}},"47":{"start":{"line":152,"column":12},"end":{"line":152,"column":29}},"48":{"start":{"line":155,"column":12},"end":{"line":160,"column":14}},"49":{"start":{"line":162,"column":12},"end":{"line":166,"column":14}},"50":{"start":{"line":167,"column":12},"end":{"line":167,"column":29}},"51":{"start":{"line":169,"column":8},"end":{"line":169,"column":14}},"52":{"start":{"line":171,"column":8},"end":{"line":253,"column":null}},"53":{"start":{"line":173,"column":12},"end":{"line":181,"column":14}},"54":{"start":{"line":175,"column":34},"end":{"line":175,"column":59}},"55":{"start":{"line":176,"column":31},"end":{"line":176,"column":62}},"56":{"start":{"line":183,"column":12},"end":{"line":187,"column":14}},"57":{"start":{"line":189,"column":12},"end":{"line":189,"column":29}},"58":{"start":{"line":192,"column":12},"end":{"line":206,"column":14}},"59":{"start":{"line":196,"column":20},"end":{"line":196,"column":74}},"60":{"start":{"line":200,"column":20},"end":{"line":200,"column":79}},"61":{"start":{"line":208,"column":12},"end":{"line":212,"column":14}},"62":{"start":{"line":214,"column":12},"end":{"line":214,"column":29}},"63":{"start":{"line":217,"column":12},"end":{"line":229,"column":14}},"64":{"start":{"line":221,"column":20},"end":{"line":223,"column":22}},"65":{"start":{"line":231,"column":12},"end":{"line":235,"column":14}},"66":{"start":{"line":237,"column":12},"end":{"line":237,"column":29}},"67":{"start":{"line":240,"column":12},"end":{"line":245,"column":14}},"68":{"start":{"line":247,"column":12},"end":{"line":251,"column":14}},"69":{"start":{"line":252,"column":12},"end":{"line":252,"column":29}},"70":{"start":{"line":254,"column":8},"end":{"line":254,"column":14}},"71":{"start":{"line":257,"column":8},"end":{"line":364,"column":null}},"72":{"start":{"line":259,"column":12},"end":{"line":287,"column":null}},"73":{"start":{"line":260,"column":14},"end":{"line":265,"column":16}},"74":{"start":{"line":267,"column":14},"end":{"line":271,"column":16}},"75":{"start":{"line":272,"column":14},"end":{"line":272,"column":31}},"76":{"start":{"line":273,"column":19},"end":{"line":287,"column":null}},"77":{"start":{"line":274,"column":14},"end":{"line":279,"column":16}},"78":{"start":{"line":281,"column":14},"end":{"line":285,"column":16}},"79":{"start":{"line":286,"column":14},"end":{"line":286,"column":31}},"80":{"start":{"line":288,"column":12},"end":{"line":288,"column":32}},"81":{"start":{"line":289,"column":12},"end":{"line":294,"column":14}},"82":{"start":{"line":296,"column":12},"end":{"line":300,"column":14}},"83":{"start":{"line":302,"column":12},"end":{"line":302,"column":29}},"84":{"start":{"line":305,"column":12},"end":{"line":333,"column":null}},"85":{"start":{"line":306,"column":14},"end":{"line":311,"column":16}},"86":{"start":{"line":313,"column":14},"end":{"line":317,"column":16}},"87":{"start":{"line":318,"column":14},"end":{"line":318,"column":31}},"88":{"start":{"line":319,"column":19},"end":{"line":333,"column":null}},"89":{"start":{"line":320,"column":14},"end":{"line":325,"column":16}},"90":{"start":{"line":327,"column":14},"end":{"line":331,"column":16}},"91":{"start":{"line":332,"column":14},"end":{"line":332,"column":31}},"92":{"start":{"line":334,"column":12},"end":{"line":334,"column":34}},"93":{"start":{"line":335,"column":12},"end":{"line":340,"column":14}},"94":{"start":{"line":342,"column":12},"end":{"line":346,"column":14}},"95":{"start":{"line":348,"column":12},"end":{"line":348,"column":29}},"96":{"start":{"line":351,"column":12},"end":{"line":356,"column":14}},"97":{"start":{"line":358,"column":12},"end":{"line":362,"column":14}},"98":{"start":{"line":363,"column":12},"end":{"line":363,"column":29}},"99":{"start":{"line":365,"column":8},"end":{"line":365,"column":14}},"100":{"start":{"line":368,"column":8},"end":{"line":373,"column":10}},"101":{"start":{"line":375,"column":8},"end":{"line":379,"column":10}},"102":{"start":{"line":380,"column":8},"end":{"line":380,"column":25}},"103":{"start":{"line":385,"column":0},"end":{"line":385,"column":47}}},"fnMap":{"0":{"name":"(anonymous_1)","decl":{"start":{"line":9,"column":9},"end":{"line":9,"column":23}},"loc":{"start":{"line":9,"column":36},"end":{"line":382,"column":3}}},"1":{"name":"(anonymous_2)","decl":{"start":{"line":175,"column":24},"end":{"line":175,"column":25}},"loc":{"start":{"line":175,"column":34},"end":{"line":175,"column":59}}},"2":{"name":"(anonymous_3)","decl":{"start":{"line":176,"column":21},"end":{"line":176,"column":22}},"loc":{"start":{"line":176,"column":31},"end":{"line":176,"column":62}}},"3":{"name":"(anonymous_4)","decl":{"start":{"line":195,"column":18},"end":{"line":195,"column":19}},"loc":{"start":{"line":196,"column":20},"end":{"line":196,"column":74}}},"4":{"name":"(anonymous_5)","decl":{"start":{"line":199,"column":18},"end":{"line":199,"column":19}},"loc":{"start":{"line":200,"column":20},"end":{"line":200,"column":79}}},"5":{"name":"(anonymous_6)","decl":{"start":{"line":220,"column":18},"end":{"line":220,"column":19}},"loc":{"start":{"line":221,"column":20},"end":{"line":223,"column":22}}}},"branchMap":{"0":{"loc":{"start":{"line":20,"column":4},"end":{"line":381,"column":null}},"type":"switch","locations":[{"start":{"line":21,"column":6},"end":{"line":169,"column":14}},{"start":{"line":170,"column":6},"end":{"line":254,"column":14}},{"start":{"line":256,"column":6},"end":{"line":365,"column":14}},{"start":{"line":367,"column":6},"end":{"line":380,"column":25}}]},"1":{"loc":{"start":{"line":22,"column":8},"end":{"line":168,"column":null}},"type":"switch","locations":[{"start":{"line":23,"column":10},"end":{"line":70,"column":29}},{"start":{"line":72,"column":10},"end":{"line":152,"column":29}},{"start":{"line":154,"column":10},"end":{"line":167,"column":29}}]},"2":{"loc":{"start":{"line":24,"column":12},"end":{"line":38,"column":null}},"type":"if","locations":[{"start":{"line":24,"column":12},"end":{"line":38,"column":null}}]},"3":{"loc":{"start":{"line":39,"column":12},"end":{"line":53,"column":null}},"type":"if","locations":[{"start":{"line":39,"column":12},"end":{"line":53,"column":null}}]},"4":{"loc":{"start":{"line":39,"column":16},"end":{"line":39,"column":41}},"type":"binary-expr","locations":[{"start":{"line":39,"column":16},"end":{"line":39,"column":29}},{"start":{"line":39,"column":33},"end":{"line":39,"column":41}}]},"5":{"loc":{"start":{"line":57,"column":47},"end":{"line":57,"column":66}},"type":"binary-expr","locations":[{"start":{"line":57,"column":47},"end":{"line":57,"column":54}},{"start":{"line":57,"column":58},"end":{"line":57,"column":66}}]},"6":{"loc":{"start":{"line":73,"column":12},"end":{"line":115,"column":null}},"type":"if","locations":[{"start":{"line":73,"column":12},"end":{"line":115,"column":null}},{"start":{"line":87,"column":19},"end":{"line":115,"column":null}}]},"7":{"loc":{"start":{"line":87,"column":19},"end":{"line":115,"column":null}},"type":"if","locations":[{"start":{"line":87,"column":19},"end":{"line":115,"column":null}},{"start":{"line":101,"column":19},"end":{"line":115,"column":null}}]},"8":{"loc":{"start":{"line":87,"column":23},"end":{"line":87,"column":70}},"type":"binary-expr","locations":[{"start":{"line":87,"column":23},"end":{"line":87,"column":43}},{"start":{"line":87,"column":47},"end":{"line":87,"column":70}}]},"9":{"loc":{"start":{"line":101,"column":19},"end":{"line":115,"column":null}},"type":"if","locations":[{"start":{"line":101,"column":19},"end":{"line":115,"column":null}}]},"10":{"loc":{"start":{"line":117,"column":12},"end":{"line":119,"column":null}},"type":"if","locations":[{"start":{"line":117,"column":12},"end":{"line":119,"column":null}}]},"11":{"loc":{"start":{"line":122,"column":12},"end":{"line":136,"column":null}},"type":"if","locations":[{"start":{"line":122,"column":12},"end":{"line":136,"column":null}}]},"12":{"loc":{"start":{"line":171,"column":8},"end":{"line":253,"column":null}},"type":"switch","locations":[{"start":{"line":172,"column":10},"end":{"line":189,"column":29}},{"start":{"line":191,"column":10},"end":{"line":214,"column":29}},{"start":{"line":216,"column":10},"end":{"line":237,"column":29}},{"start":{"line":239,"column":10},"end":{"line":252,"column":29}}]},"13":{"loc":{"start":{"line":175,"column":34},"end":{"line":175,"column":59}},"type":"binary-expr","locations":[{"start":{"line":175,"column":34},"end":{"line":175,"column":46}},{"start":{"line":175,"column":50},"end":{"line":175,"column":59}}]},"14":{"loc":{"start":{"line":196,"column":20},"end":{"line":196,"column":74}},"type":"binary-expr","locations":[{"start":{"line":196,"column":20},"end":{"line":196,"column":32}},{"start":{"line":196,"column":36},"end":{"line":196,"column":74}}]},"15":{"loc":{"start":{"line":257,"column":8},"end":{"line":364,"column":null}},"type":"switch","locations":[{"start":{"line":258,"column":10},"end":{"line":302,"column":29}},{"start":{"line":304,"column":10},"end":{"line":348,"column":29}},{"start":{"line":350,"column":10},"end":{"line":363,"column":29}}]},"16":{"loc":{"start":{"line":259,"column":12},"end":{"line":287,"column":null}},"type":"if","locations":[{"start":{"line":259,"column":12},"end":{"line":287,"column":null}},{"start":{"line":273,"column":19},"end":{"line":287,"column":null}}]},"17":{"loc":{"start":{"line":273,"column":19},"end":{"line":287,"column":null}},"type":"if","locations":[{"start":{"line":273,"column":19},"end":{"line":287,"column":null}}]},"18":{"loc":{"start":{"line":305,"column":12},"end":{"line":333,"column":null}},"type":"if","locations":[{"start":{"line":305,"column":12},"end":{"line":333,"column":null}},{"start":{"line":319,"column":19},"end":{"line":333,"column":null}}]},"19":{"loc":{"start":{"line":319,"column":19},"end":{"line":333,"column":null}},"type":"if","locations":[{"start":{"line":319,"column":19},"end":{"line":333,"column":null}}]}},"s":{"0":1,"1":1,"2":1,"3":1,"4":1,"5":0,"6":0,"7":0,"8":0,"9":0,"10":0,"11":0,"12":0,"13":0,"14":0,"15":0,"16":0,"17":0,"18":0,"19":0,"20":0,"21":0,"22":0,"23":0,"24":0,"25":0,"26":0,"27":0,"28":0,"29":0,"30":0,"31":0,"32":0,"33":0,"34":0,"35":0,"36":0,"37":0,"38":0,"39":0,"40":0,"41":0,"42":0,"43":0,"44":0,"45":0,"46":0,"47":0,"48":0,"49":0,"50":0,"51":0,"52":0,"53":0,"54":0,"55":0,"56":0,"57":0,"58":0,"59":0,"60":0,"61":0,"62":0,"63":0,"64":0,"65":0,"66":0,"67":0,"68":0,"69":0,"70":0,"71":0,"72":0,"73":0,"74":0,"75":0,"76":0,"77":0,"78":0,"79":0,"80":0,"81":0,"82":0,"83":0,"84":0,"85":0,"86":0,"87":0,"88":0,"89":0,"90":0,"91":0,"92":0,"93":0,"94":0,"95":0,"96":0,"97":0,"98":0,"99":0,"100":0,"101":0,"102":0,"103":1},"f":{"0":0,"1":0,"2":0,"3":0,"4":0,"5":0},"b":{"0":[0,0,0,0],"1":[0,0,0],"2":[0],"3":[0],"4":[0,0],"5":[0,0],"6":[0,0],"7":[0,0],"8":[0,0],"9":[0],"10":[0],"11":[0],"12":[0,0,0,0],"13":[0,0],"14":[0,0],"15":[0,0,0],"16":[0,0],"17":[0],"18":[0,0],"19":[0]}}
,"C:\\Users\\Ante\\Documents\\#dev\\IntellegensOnboarding\\src\\services\\CryptographyService.ts": {"path":"C:\\Users\\Ante\\Documents\\#dev\\IntellegensOnboarding\\src\\services\\CryptographyService.ts","statementMap":{"0":{"start":{"line":1,"column":15},"end":{"line":1,"column":32}},"1":{"start":{"line":5,"column":15},"end":{"line":5,"column":42}},"2":{"start":{"line":6,"column":4},"end":{"line":6,"column":22}},"3":{"start":{"line":7,"column":23},"end":{"line":7,"column":41}},"4":{"start":{"line":8,"column":4},"end":{"line":8,"column":22}},"5":{"start":{"line":3,"column":0},"end":{"line":3,"column":13}},"6":{"start":{"line":12,"column":0},"end":{"line":12,"column":41}}},"fnMap":{"0":{"name":"(anonymous_0)","decl":{"start":{"line":4,"column":9},"end":{"line":4,"column":17}},"loc":{"start":{"line":4,"column":30},"end":{"line":9,"column":3}}}},"branchMap":{},"s":{"0":1,"1":0,"2":0,"3":0,"4":0,"5":1,"6":1},"f":{"0":0},"b":{}}
,"C:\\Users\\Ante\\Documents\\#dev\\IntellegensOnboarding\\src\\services\\MessageParserSevice.ts": {"path":"C:\\Users\\Ante\\Documents\\#dev\\IntellegensOnboarding\\src\\services\\MessageParserSevice.ts","statementMap":{"0":{"start":{"line":1,"column":0},"end":{"line":1,"column":46}},"1":{"start":{"line":2,"column":0},"end":{"line":2,"column":46}},"2":{"start":{"line":3,"column":0},"end":{"line":3,"column":44}},"3":{"start":{"line":4,"column":0},"end":{"line":4,"column":48}},"4":{"start":{"line":5,"column":0},"end":{"line":5,"column":53}},"5":{"start":{"line":7,"column":11},"end":{"line":8,"column":null}},"6":{"start":{"line":14,"column":16},"end":{"line":14,"column":30}},"7":{"start":{"line":15,"column":24},"end":{"line":15,"column":41}},"8":{"start":{"line":16,"column":27},"end":{"line":16,"column":52}},"9":{"start":{"line":17,"column":17},"end":{"line":17,"column":65}},"10":{"start":{"line":19,"column":33},"end":{"line":19,"column":50}},"11":{"start":{"line":20,"column":27},"end":{"line":20,"column":61}},"12":{"start":{"line":21,"column":20},"end":{"line":21,"column":77}},"13":{"start":{"line":26,"column":4},"end":{"line":37,"column":null}},"14":{"start":{"line":31,"column":6},"end":{"line":36,"column":8}},"15":{"start":{"line":40,"column":4},"end":{"line":50,"column":null}},"16":{"start":{"line":41,"column":6},"end":{"line":43,"column":null}},"17":{"start":{"line":42,"column":8},"end":{"line":42,"column":42}},"18":{"start":{"line":44,"column":6},"end":{"line":44,"column":30}},"19":{"start":{"line":46,"column":6},"end":{"line":48,"column":null}},"20":{"start":{"line":47,"column":8},"end":{"line":47,"column":42}},"21":{"start":{"line":49,"column":6},"end":{"line":49,"column":65}},"22":{"start":{"line":53,"column":4},"end":{"line":65,"column":null}},"23":{"start":{"line":54,"column":6},"end":{"line":54,"column":62}},"24":{"start":{"line":55,"column":11},"end":{"line":65,"column":null}},"25":{"start":{"line":56,"column":6},"end":{"line":58,"column":null}},"26":{"start":{"line":57,"column":8},"end":{"line":57,"column":42}},"27":{"start":{"line":59,"column":6},"end":{"line":59,"column":30}},"28":{"start":{"line":61,"column":6},"end":{"line":63,"column":null}},"29":{"start":{"line":62,"column":8},"end":{"line":62,"column":46}},"30":{"start":{"line":64,"column":6},"end":{"line":64,"column":65}},"31":{"start":{"line":68,"column":4},"end":{"line":70,"column":null}},"32":{"start":{"line":69,"column":6},"end":{"line":69,"column":68}},"33":{"start":{"line":73,"column":4},"end":{"line":84,"column":null}},"34":{"start":{"line":78,"column":6},"end":{"line":82,"column":8}},"35":{"start":{"line":83,"column":6},"end":{"line":83,"column":42}},"36":{"start":{"line":86,"column":4},"end":{"line":86,"column":60}},"37":{"start":{"line":10,"column":0},"end":{"line":10,"column":13}},"38":{"start":{"line":90,"column":0},"end":{"line":90,"column":42}}},"fnMap":{"0":{"name":"(anonymous_1)","decl":{"start":{"line":11,"column":9},"end":{"line":11,"column":21}},"loc":{"start":{"line":11,"column":37},"end":{"line":87,"column":3}}}},"branchMap":{"0":{"loc":{"start":{"line":26,"column":4},"end":{"line":37,"column":null}},"type":"if","locations":[{"start":{"line":26,"column":4},"end":{"line":37,"column":null}}]},"1":{"loc":{"start":{"line":27,"column":6},"end":{"line":29,"column":65}},"type":"binary-expr","locations":[{"start":{"line":27,"column":6},"end":{"line":27,"column":47}},{"start":{"line":28,"column":6},"end":{"line":29,"column":65}}]},"2":{"loc":{"start":{"line":40,"column":4},"end":{"line":50,"column":null}},"type":"if","locations":[{"start":{"line":40,"column":4},"end":{"line":50,"column":null}},{"start":{"line":45,"column":11},"end":{"line":50,"column":null}}]},"3":{"loc":{"start":{"line":41,"column":6},"end":{"line":43,"column":null}},"type":"if","locations":[{"start":{"line":41,"column":6},"end":{"line":43,"column":null}}]},"4":{"loc":{"start":{"line":46,"column":6},"end":{"line":48,"column":null}},"type":"if","locations":[{"start":{"line":46,"column":6},"end":{"line":48,"column":null}}]},"5":{"loc":{"start":{"line":53,"column":4},"end":{"line":65,"column":null}},"type":"if","locations":[{"start":{"line":53,"column":4},"end":{"line":65,"column":null}},{"start":{"line":55,"column":11},"end":{"line":65,"column":null}}]},"6":{"loc":{"start":{"line":55,"column":11},"end":{"line":65,"column":null}},"type":"if","locations":[{"start":{"line":55,"column":11},"end":{"line":65,"column":null}},{"start":{"line":60,"column":11},"end":{"line":65,"column":null}}]},"7":{"loc":{"start":{"line":56,"column":6},"end":{"line":58,"column":null}},"type":"if","locations":[{"start":{"line":56,"column":6},"end":{"line":58,"column":null}}]},"8":{"loc":{"start":{"line":61,"column":6},"end":{"line":63,"column":null}},"type":"if","locations":[{"start":{"line":61,"column":6},"end":{"line":63,"column":null}}]},"9":{"loc":{"start":{"line":68,"column":4},"end":{"line":70,"column":null}},"type":"if","locations":[{"start":{"line":68,"column":4},"end":{"line":70,"column":null}}]},"10":{"loc":{"start":{"line":68,"column":8},"end":{"line":68,"column":57}},"type":"binary-expr","locations":[{"start":{"line":68,"column":8},"end":{"line":68,"column":13}},{"start":{"line":68,"column":17},"end":{"line":68,"column":57}}]},"11":{"loc":{"start":{"line":73,"column":4},"end":{"line":84,"column":null}},"type":"if","locations":[{"start":{"line":73,"column":4},"end":{"line":84,"column":null}}]},"12":{"loc":{"start":{"line":74,"column":6},"end":{"line":76,"column":55}},"type":"binary-expr","locations":[{"start":{"line":74,"column":6},"end":{"line":74,"column":12}},{"start":{"line":75,"column":6},"end":{"line":75,"column":43}},{"start":{"line":76,"column":6},"end":{"line":76,"column":55}}]}},"s":{"0":1,"1":1,"2":1,"3":1,"4":1,"5":1,"6":1,"7":1,"8":1,"9":1,"10":1,"11":1,"12":1,"13":1,"14":0,"15":1,"16":0,"17":0,"18":0,"19":1,"20":0,"21":1,"22":1,"23":0,"24":1,"25":0,"26":0,"27":0,"28":1,"29":1,"30":1,"31":1,"32":0,"33":1,"34":0,"35":0,"36":1,"37":1,"38":1},"f":{"0":1},"b":{"0":[0],"1":[1,1],"2":[0,1],"3":[0],"4":[0],"5":[0,1],"6":[0,1],"7":[0],"8":[1],"9":[0],"10":[1,1],"11":[0],"12":[1,1,0]}}
,"C:\\Users\\Ante\\Documents\\#dev\\IntellegensOnboarding\\src\\services\\RoomService.ts": {"path":"C:\\Users\\Ante\\Documents\\#dev\\IntellegensOnboarding\\src\\services\\RoomService.ts","statementMap":{"0":{"start":{"line":1,"column":0},"end":{"line":1,"column":44}},"1":{"start":{"line":2,"column":0},"end":{"line":2,"column":47}},"2":{"start":{"line":3,"column":0},"end":{"line":3,"column":46}},"3":{"start":{"line":4,"column":0},"end":{"line":4,"column":68}},"4":{"start":{"line":5,"column":0},"end":{"line":5,"column":64}},"5":{"start":{"line":9,"column":17},"end":{"line":9,"column":56}},"6":{"start":{"line":10,"column":15},"end":{"line":10,"column":53}},"7":{"start":{"line":12,"column":4},"end":{"line":12,"column":68}},"8":{"start":{"line":12,"column":17},"end":{"line":12,"column":68}},"9":{"start":{"line":13,"column":4},"end":{"line":13,"column":64}},"10":{"start":{"line":13,"column":15},"end":{"line":13,"column":64}},"11":{"start":{"line":16,"column":4},"end":{"line":30,"column":null}},"12":{"start":{"line":17,"column":6},"end":{"line":17,"column":35}},"13":{"start":{"line":19,"column":26},"end":{"line":23,"column":null}},"14":{"start":{"line":26,"column":6},"end":{"line":28,"column":9}},"15":{"start":{"line":27,"column":8},"end":{"line":27,"column":72}},"16":{"start":{"line":29,"column":6},"end":{"line":29,"column":40}},"17":{"start":{"line":32,"column":4},"end":{"line":47,"column":null}},"18":{"start":{"line":34,"column":20},"end":{"line":34,"column":65}},"19":{"start":{"line":35,"column":6},"end":{"line":35,"column":27}},"20":{"start":{"line":35,"column":20},"end":{"line":35,"column":27}},"21":{"start":{"line":36,"column":6},"end":{"line":38,"column":9}},"22":{"start":{"line":37,"column":8},"end":{"line":37,"column":71}},"23":{"start":{"line":39,"column":6},"end":{"line":39,"column":53}},"24":{"start":{"line":39,"column":29},"end":{"line":39,"column":53}},"25":{"start":{"line":42,"column":6},"end":{"line":44,"column":9}},"26":{"start":{"line":43,"column":8},"end":{"line":43,"column":60}},"27":{"start":{"line":46,"column":6},"end":{"line":46,"column":30}},"28":{"start":{"line":7,"column":0},"end":{"line":7,"column":13}},"29":{"start":{"line":51,"column":0},"end":{"line":51,"column":33}}},"fnMap":{"0":{"name":"(anonymous_1)","decl":{"start":{"line":8,"column":9},"end":{"line":8,"column":18}},"loc":{"start":{"line":8,"column":31},"end":{"line":48,"column":3}}},"1":{"name":"(anonymous_2)","decl":{"start":{"line":26,"column":25},"end":{"line":26,"column":26}},"loc":{"start":{"line":26,"column":45},"end":{"line":28,"column":7}}},"2":{"name":"(anonymous_3)","decl":{"start":{"line":36,"column":34},"end":{"line":36,"column":35}},"loc":{"start":{"line":36,"column":54},"end":{"line":38,"column":7}}},"3":{"name":"(anonymous_4)","decl":{"start":{"line":42,"column":25},"end":{"line":42,"column":26}},"loc":{"start":{"line":42,"column":43},"end":{"line":44,"column":7}}}},"branchMap":{"0":{"loc":{"start":{"line":12,"column":4},"end":{"line":12,"column":68}},"type":"if","locations":[{"start":{"line":12,"column":4},"end":{"line":12,"column":68}}]},"1":{"loc":{"start":{"line":13,"column":4},"end":{"line":13,"column":64}},"type":"if","locations":[{"start":{"line":13,"column":4},"end":{"line":13,"column":64}}]},"2":{"loc":{"start":{"line":16,"column":4},"end":{"line":30,"column":null}},"type":"if","locations":[{"start":{"line":16,"column":4},"end":{"line":30,"column":null}}]},"3":{"loc":{"start":{"line":32,"column":4},"end":{"line":47,"column":null}},"type":"if","locations":[{"start":{"line":32,"column":4},"end":{"line":47,"column":null}},{"start":{"line":40,"column":11},"end":{"line":47,"column":null}}]},"4":{"loc":{"start":{"line":35,"column":6},"end":{"line":35,"column":27}},"type":"if","locations":[{"start":{"line":35,"column":6},"end":{"line":35,"column":27}}]},"5":{"loc":{"start":{"line":39,"column":6},"end":{"line":39,"column":53}},"type":"if","locations":[{"start":{"line":39,"column":6},"end":{"line":39,"column":53}}]}},"s":{"0":1,"1":1,"2":1,"3":1,"4":1,"5":1,"6":1,"7":1,"8":0,"9":1,"10":0,"11":1,"12":1,"13":1,"14":1,"15":2,"16":1,"17":1,"18":0,"19":0,"20":0,"21":0,"22":0,"23":0,"24":0,"25":1,"26":2,"27":1,"28":1,"29":1},"f":{"0":1,"1":2,"2":0,"3":2},"b":{"0":[0],"1":[0],"2":[1],"3":[0,1],"4":[0],"5":[0]}}
,"C:\\Users\\Ante\\Documents\\#dev\\IntellegensOnboarding\\src\\services\\SecurityService.ts": {"path":"C:\\Users\\Ante\\Documents\\#dev\\IntellegensOnboarding\\src\\services\\SecurityService.ts","statementMap":{"0":{"start":{"line":1,"column":0},"end":{"line":1,"column":53}},"1":{"start":{"line":2,"column":0},"end":{"line":2,"column":56}},"2":{"start":{"line":6,"column":19},"end":{"line":6,"column":57}},"3":{"start":{"line":7,"column":4},"end":{"line":7,"column":44}},"4":{"start":{"line":11,"column":15},"end":{"line":11,"column":48}},"5":{"start":{"line":12,"column":4},"end":{"line":14,"column":null}},"6":{"start":{"line":13,"column":6},"end":{"line":13,"column":19}},"7":{"start":{"line":15,"column":19},"end":{"line":15,"column":57}},"8":{"start":{"line":16,"column":4},"end":{"line":16,"column":42}},"9":{"start":{"line":4,"column":0},"end":{"line":4,"column":13}},"10":{"start":{"line":20,"column":0},"end":{"line":20,"column":37}}},"fnMap":{"0":{"name":"(anonymous_1)","decl":{"start":{"line":5,"column":9},"end":{"line":5,"column":21}},"loc":{"start":{"line":5,"column":50},"end":{"line":8,"column":3}}},"1":{"name":"(anonymous_2)","decl":{"start":{"line":10,"column":9},"end":{"line":10,"column":27}},"loc":{"start":{"line":10,"column":56},"end":{"line":17,"column":3}}}},"branchMap":{"0":{"loc":{"start":{"line":12,"column":4},"end":{"line":14,"column":null}},"type":"if","locations":[{"start":{"line":12,"column":4},"end":{"line":14,"column":null}}]}},"s":{"0":1,"1":1,"2":0,"3":0,"4":0,"5":0,"6":0,"7":0,"8":0,"9":1,"10":1},"f":{"0":0,"1":0},"b":{"0":[0]}}
,"C:\\Users\\Ante\\Documents\\#dev\\IntellegensOnboarding\\src\\services\\UserMessageQueueService.ts": {"path":"C:\\Users\\Ante\\Documents\\#dev\\IntellegensOnboarding\\src\\services\\UserMessageQueueService.ts","statementMap":{"0":{"start":{"line":2,"column":0},"end":{"line":2,"column":47}},"1":{"start":{"line":3,"column":0},"end":{"line":3,"column":47}},"2":{"start":{"line":4,"column":0},"end":{"line":4,"column":43}},"3":{"start":{"line":6,"column":13},"end":{"line":6,"column":35}},"4":{"start":{"line":8,"column":24},"end":{"line":27,"column":1}},"5":{"start":{"line":16,"column":2},"end":{"line":26,"column":5}},"6":{"start":{"line":17,"column":4},"end":{"line":24,"column":6}},"7":{"start":{"line":25,"column":4},"end":{"line":25,"column":20}},"8":{"start":{"line":38,"column":34},"end":{"line":38,"column":36}},"9":{"start":{"line":39,"column":30},"end":{"line":39,"column":45}},"10":{"start":{"line":42,"column":24},"end":{"line":42,"column":68}},"11":{"start":{"line":43,"column":21},"end":{"line":43,"column":62}},"12":{"start":{"line":44,"column":15},"end":{"line":44,"column":53}},"13":{"start":{"line":46,"column":4},"end":{"line":48,"column":null}},"14":{"start":{"line":47,"column":6},"end":{"line":47,"column":54}},"15":{"start":{"line":49,"column":4},"end":{"line":51,"column":null}},"16":{"start":{"line":50,"column":6},"end":{"line":50,"column":69}},"17":{"start":{"line":52,"column":4},"end":{"line":54,"column":null}},"18":{"start":{"line":53,"column":6},"end":{"line":53,"column":63}},"19":{"start":{"line":56,"column":4},"end":{"line":58,"column":6}},"20":{"start":{"line":59,"column":4},"end":{"line":61,"column":null}},"21":{"start":{"line":60,"column":6},"end":{"line":60,"column":34}},"22":{"start":{"line":62,"column":4},"end":{"line":65,"column":null}},"23":{"start":{"line":63,"column":6},"end":{"line":63,"column":72}},"24":{"start":{"line":66,"column":4},"end":{"line":75,"column":6}},"25":{"start":{"line":67,"column":6},"end":{"line":73,"column":null}},"26":{"start":{"line":77,"column":4},"end":{"line":77,"column":54}},"27":{"start":{"line":78,"column":4},"end":{"line":78,"column":29}},"28":{"start":{"line":82,"column":4},"end":{"line":82,"column":22}},"29":{"start":{"line":83,"column":4},"end":{"line":93,"column":null}},"30":{"start":{"line":84,"column":6},"end":{"line":84,"column":13}},"31":{"start":{"line":86,"column":6},"end":{"line":86,"column":39}},"32":{"start":{"line":87,"column":6},"end":{"line":92,"column":9}},"33":{"start":{"line":88,"column":8},"end":{"line":88,"column":42}},"34":{"start":{"line":89,"column":8},"end":{"line":91,"column":null}},"35":{"start":{"line":90,"column":10},"end":{"line":90,"column":40}},"36":{"start":{"line":94,"column":4},"end":{"line":94,"column":22}},"37":{"start":{"line":98,"column":20},"end":{"line":98,"column":21}},"38":{"start":{"line":99,"column":4},"end":{"line":103,"column":7}},"39":{"start":{"line":100,"column":6},"end":{"line":102,"column":9}},"40":{"start":{"line":101,"column":8},"end":{"line":101,"column":53}},"41":{"start":{"line":104,"column":4},"end":{"line":104,"column":21}},"42":{"start":{"line":108,"column":24},"end":{"line":108,"column":47}},"43":{"start":{"line":109,"column":17},"end":{"line":112,"column":6}},"44":{"start":{"line":113,"column":4},"end":{"line":113,"column":40}},"45":{"start":{"line":114,"column":4},"end":{"line":114,"column":18}},"46":{"start":{"line":118,"column":0},"end":{"line":118,"column":45}}},"fnMap":{"0":{"name":"(anonymous_1)","decl":{"start":{"line":8,"column":24},"end":{"line":8,"column":null}},"loc":{"start":{"line":15,"column":24},"end":{"line":27,"column":1}}},"1":{"name":"(anonymous_2)","decl":{"start":{"line":16,"column":21},"end":{"line":16,"column":22}},"loc":{"start":{"line":16,"column":33},"end":{"line":26,"column":3}}},"2":{"name":"(anonymous_3)","decl":{"start":{"line":41,"column":9},"end":{"line":41,"column":14}},"loc":{"start":{"line":41,"column":60},"end":{"line":79,"column":3}}},"3":{"name":"(anonymous_4)","decl":{"start":{"line":66,"column":54},"end":{"line":66,"column":57}},"loc":{"start":{"line":67,"column":6},"end":{"line":73,"column":null}}},"4":{"name":"(anonymous_5)","decl":{"start":{"line":81,"column":9},"end":{"line":81,"column":21}},"loc":{"start":{"line":81,"column":48},"end":{"line":95,"column":3}}},"5":{"name":"(anonymous_6)","decl":{"start":{"line":87,"column":47},"end":{"line":87,"column":50}},"loc":{"start":{"line":87,"column":52},"end":{"line":92,"column":7}}},"6":{"name":"(anonymous_7)","decl":{"start":{"line":97,"column":9},"end":{"line":97,"column":25}},"loc":{"start":{"line":97,"column":25},"end":{"line":105,"column":3}}},"7":{"name":"(anonymous_8)","decl":{"start":{"line":99,"column":36},"end":{"line":99,"column":37}},"loc":{"start":{"line":99,"column":45},"end":{"line":103,"column":5}}},"8":{"name":"(anonymous_9)","decl":{"start":{"line":100,"column":44},"end":{"line":100,"column":45}},"loc":{"start":{"line":100,"column":53},"end":{"line":102,"column":7}}},"9":{"name":"(anonymous_10)","decl":{"start":{"line":107,"column":9},"end":{"line":107,"column":19}},"loc":{"start":{"line":107,"column":19},"end":{"line":115,"column":3}}}},"branchMap":{"0":{"loc":{"start":{"line":46,"column":4},"end":{"line":48,"column":null}},"type":"if","locations":[{"start":{"line":46,"column":4},"end":{"line":48,"column":null}}]},"1":{"loc":{"start":{"line":49,"column":4},"end":{"line":51,"column":null}},"type":"if","locations":[{"start":{"line":49,"column":4},"end":{"line":51,"column":null}}]},"2":{"loc":{"start":{"line":52,"column":4},"end":{"line":54,"column":null}},"type":"if","locations":[{"start":{"line":52,"column":4},"end":{"line":54,"column":null}}]},"3":{"loc":{"start":{"line":59,"column":4},"end":{"line":61,"column":null}},"type":"if","locations":[{"start":{"line":59,"column":4},"end":{"line":61,"column":null}}]},"4":{"loc":{"start":{"line":62,"column":4},"end":{"line":65,"column":null}},"type":"if","locations":[{"start":{"line":62,"column":4},"end":{"line":65,"column":null}}]},"5":{"loc":{"start":{"line":83,"column":4},"end":{"line":93,"column":null}},"type":"if","locations":[{"start":{"line":83,"column":4},"end":{"line":93,"column":null}},{"start":{"line":85,"column":11},"end":{"line":93,"column":null}}]},"6":{"loc":{"start":{"line":89,"column":8},"end":{"line":91,"column":null}},"type":"if","locations":[{"start":{"line":89,"column":8},"end":{"line":91,"column":null}}]}},"s":{"0":1,"1":1,"2":1,"3":1,"4":1,"5":0,"6":0,"7":0,"8":1,"9":1,"10":4,"11":4,"12":4,"13":4,"14":0,"15":4,"16":0,"17":4,"18":0,"19":4,"20":4,"21":1,"22":4,"23":2,"24":4,"25":2,"26":4,"27":4,"28":4,"29":4,"30":2,"31":2,"32":2,"33":0,"34":0,"35":0,"36":2,"37":6,"38":6,"39":6,"40":10,"41":6,"42":6,"43":6,"44":6,"45":6,"46":1},"f":{"0":0,"1":0,"2":4,"3":2,"4":4,"5":0,"6":6,"7":6,"8":10,"9":6},"b":{"0":[0],"1":[0],"2":[0],"3":[1],"4":[2],"5":[2,2],"6":[0]}}
}
